0 info it worked if it ends with ok
1 verbose cli [ 'D:\\Program Files\\nodejs\\node.exe',
1 verbose cli   'C:\\Users\\bg204936\\AppData\\Roaming\\npm\\node_modules\\npm\\bin\\npm-cli.js',
1 verbose cli   'publish' ]
2 info using npm@3.3.0
3 info using node@v4.0.0
4 verbose publish [ '.' ]
5 silly cache add args [ '.', null ]
6 verbose cache add spec .
7 silly cache add parsed spec Result {
7 silly cache add   raw: '.',
7 silly cache add   scope: null,
7 silly cache add   name: null,
7 silly cache add   rawSpec: '.',
7 silly cache add   spec: 'E:\\ltcrm\\trunk\\ltcrm-components',
7 silly cache add   type: 'directory' }
8 verbose addLocalDirectory C:\Users\bg204936\AppData\Roaming\npm-cache\ltcrm-components\0.2.2\package.tgz not in flight; packing
9 info prepublish ltcrm-components@0.2.2
10 verbose tar pack [ 'C:\\Users\\bg204936\\AppData\\Roaming\\npm-cache\\ltcrm-components\\0.2.2\\package.tgz',
10 verbose tar pack   'E:\\ltcrm\\trunk\\ltcrm-components' ]
11 verbose tarball C:\Users\bg204936\AppData\Roaming\npm-cache\ltcrm-components\0.2.2\package.tgz
12 verbose folder E:\ltcrm\trunk\ltcrm-components
13 verbose addLocalTarball adding from inside cache C:\Users\bg204936\AppData\Roaming\npm-cache\ltcrm-components\0.2.2\package.tgz
14 silly cache afterAdd ltcrm-components@0.2.2
15 verbose afterAdd C:\Users\bg204936\AppData\Roaming\npm-cache\ltcrm-components\0.2.2\package\package.json not in flight; writing
16 verbose afterAdd C:\Users\bg204936\AppData\Roaming\npm-cache\ltcrm-components\0.2.2\package\package.json written
17 silly publish { name: 'ltcrm-components',
17 silly publish   version: '0.2.2',
17 silly publish   description: 'ltcrm-components libarary',
17 silly publish   main: './lib/stories/exports.js',
17 silly publish   scripts:
17 silly publish    { start: 'node server.js',
17 silly publish      build: 'babel ./components -d lib',
17 silly publish      test: 'cross-env NODE_ENV=test mocha --recursive --compilers js:babel-register --require ./test/setup.js',
17 silly publish      'test:watch': 'npm test -- --watch',
17 silly publish      dev: 'start-storybook -p 9001 -s ./assets' },
17 silly publish   license: 'MIT',
17 silly publish   dependencies:
17 silly publish    { antd: '^0.12.13',
17 silly publish      'babel-polyfill': '^6.3.14',
17 silly publish      'babel-preset-stage-2': '^6.5.0',
17 silly publish      classnames: '^2.1.2',
17 silly publish      ramda: '^0.21.0',
17 silly publish      react: '^0.14.7',
17 silly publish      'react-dom': '^0.14.7',
17 silly publish      'react-redux': '^4.2.1',
17 silly publish      redux: '^3.2.1',
17 silly publish      'stack-source-map': '^1.0.4' },
17 silly publish   devDependencies:
17 silly publish    { 'babel-core': '^6.3.15',
17 silly publish      'babel-loader': '^6.2.0',
17 silly publish      'babel-preset-es2015': '^6.3.13',
17 silly publish      'babel-preset-react': '^6.3.13',
17 silly publish      'babel-preset-react-hmre': '^1.1.1',
17 silly publish      'babel-register': '^6.3.13',
17 silly publish      'cross-env': '^1.0.7',
17 silly publish      expect: '^1.8.0',
17 silly publish      express: '^4.13.3',
17 silly publish      jsdom: '^5.6.1',
17 silly publish      mocha: '^2.2.5',
17 silly publish      'node-libs-browser': '^0.5.2',
17 silly publish      'raw-loader': '^0.5.1',
17 silly publish      'react-addons-test-utils': '^0.14.7',
17 silly publish      'style-loader': '^0.12.3',
17 silly publish      'todomvc-app-css': '^2.0.1',
17 silly publish      webpack: '^1.9.11',
17 silly publish      'webpack-dev-middleware': '^1.2.0',
17 silly publish      'webpack-hot-middleware': '^2.9.1',
17 silly publish      '@kadira/storybook': '^1.1.0' },
17 silly publish   readme: '## ltcrm-components\r\n\r\n  framework for developing our components isolating from our app.\r\n## Introduction\r\nWhy to build this? For one thing, you can develope your components here by collaborating your workmates. Anyone can share his or her code.For another, any component you maked can be published as a independent unit . when you have deved one component, you can delpoy it to npm just by running npm publish shell.\r\n\r\n### Usage\r\n\r\n```\r\nnpm install\r\nnpm run dev\r\n```\r\n\r\nThen open `http://localhost:9001` on your browser. \r\n\r\nand what you see is just like that:\r\n\r\n![image](https://github.com/azl397985856/ltcrm-components/raw/master/clip.png)\r\n\r\n### Lisence\r\nMIT\r\n',
17 silly publish   readmeFilename: 'README.md',
17 silly publish   gitHead: '53d893d0e2eb01fa5440138843aee09cc5bc053b',
17 silly publish   _id: 'ltcrm-components@0.2.2',
17 silly publish   _shasum: '3982d44c7df85873acdceed6d1ad58f853cb1c55',
17 silly publish   _from: '.' }
18 verbose getPublishConfig undefined
19 silly mapToRegistry name ltcrm-components
20 silly mapToRegistry using default registry
21 silly mapToRegistry registry http://registry.npmjs.org/
22 silly mapToRegistry uri http://registry.npmjs.org/ltcrm-components
23 verbose publish registryBase http://registry.npmjs.org/
24 silly publish uploading C:\Users\bg204936\AppData\Roaming\npm-cache\ltcrm-components\0.2.2\package.tgz
25 verbose request uri http://registry.npmjs.org/ltcrm-components
26 verbose request sending authorization for write operation
27 info attempt registry request try #1 at 12:24:25 PM
28 verbose request using bearer token for auth
29 verbose request id 1b574679ccad6a65
30 http request PUT http://registry.npmjs.org/ltcrm-components
31 http 403 http://registry.npmjs.org/ltcrm-components
32 verbose headers { 'content-type': 'application/json',
32 verbose headers   'cache-control': 'max-age=300',
32 verbose headers   'content-length': '95',
32 verbose headers   'accept-ranges': 'bytes',
32 verbose headers   date: 'Wed, 20 Apr 2016 04:24:29 GMT',
32 verbose headers   via: '1.1 varnish',
32 verbose headers   connection: 'keep-alive',
32 verbose headers   'x-served-by': 'cache-fra1247-FRA',
32 verbose headers   'x-cache': 'MISS',
32 verbose headers   'x-cache-hits': '0',
32 verbose headers   'x-timer': 'S1461126266.742782,VS0,VE2459',
32 verbose headers   vary: 'Accept-Encoding' }
33 verbose request invalidating C:\Users\bg204936\AppData\Roaming\npm-cache\registry.npmjs.org\ltcrm-components on PUT
34 error publish Failed PUT 403
35 verbose stack Error: "You cannot publish over the previously published version 0.2.2." : ltcrm-components
35 verbose stack     at makeError (C:\Users\bg204936\AppData\Roaming\npm\node_modules\npm\node_modules\npm-registry-client\lib\request.js:263:12)
35 verbose stack     at CachingRegistryClient.<anonymous> (C:\Users\bg204936\AppData\Roaming\npm\node_modules\npm\node_modules\npm-registry-client\lib\request.js:251:14)
35 verbose stack     at Request._callback (C:\Users\bg204936\AppData\Roaming\npm\node_modules\npm\node_modules\npm-registry-client\lib\request.js:171:14)
35 verbose stack     at Request.self.callback (C:\Users\bg204936\AppData\Roaming\npm\node_modules\npm\node_modules\request\request.js:198:22)
35 verbose stack     at emitTwo (events.js:87:13)
35 verbose stack     at Request.emit (events.js:172:7)
35 verbose stack     at Request.<anonymous> (C:\Users\bg204936\AppData\Roaming\npm\node_modules\npm\node_modules\request\request.js:1057:14)
35 verbose stack     at emitOne (events.js:82:20)
35 verbose stack     at Request.emit (events.js:169:7)
35 verbose stack     at IncomingMessage.<anonymous> (C:\Users\bg204936\AppData\Roaming\npm\node_modules\npm\node_modules\request\request.js:1003:12)
36 verbose statusCode 403
37 verbose pkgid ltcrm-components
38 verbose cwd E:\ltcrm\trunk\ltcrm-components
39 error Windows_NT 6.1.7601
40 error argv "D:\\Program Files\\nodejs\\node.exe" "C:\\Users\\bg204936\\AppData\\Roaming\\npm\\node_modules\\npm\\bin\\npm-cli.js" "publish"
41 error node v4.0.0
42 error npm  v3.3.0
43 error code E403
44 error "You cannot publish over the previously published version 0.2.2." : ltcrm-components
45 error If you need help, you may report this error at:
45 error     <https://github.com/npm/npm/issues>
46 verbose exit [ 1, true ]
